0 info it worked if it ends with ok
1 verbose cli [ '/usr/local/bin/node', '/usr/local/bin/npm', 'start' ]
2 info using npm@3.3.6
3 info using node@v5.0.0
4 verbose config Skipping project config: /home/cory/.npmrc. (matches userconfig)
5 verbose stack Error: ENOENT: no such file or directory, open '/home/cory/package.json'
5 verbose stack     at Error (native)
6 verbose cwd /home/cory/School/Semester4/MobSec/Project/Botanist
7 error Linux 3.13.0-37-generic
8 error argv "/usr/local/bin/node" "/usr/local/bin/npm" "start"
9 error node v5.0.0
10 error npm  v3.3.6
11 error path /home/cory/package.json
12 error code ENOENT
13 error errno -2
14 error syscall open
15 error enoent ENOENT: no such file or directory, open '/home/cory/package.json'
15 error enoent This is most likely not a problem with npm itself
15 error enoent and is related to npm not being able to find a file.
16 verbose exit [ -2, true ]
